<?xml version="1.0" encoding="UTF-8"?>
<!-- Generated by org.testng.reporters.JUnitReportReporter -->
<testsuite hostname="JohnSun" failures="0" tests="1" name="testrunner.TestRunner" time="64.560" errors="0" timestamp="2024-04-14T00:37:19 IST" skipped="0">
  <testcase classname="testrunner.TestRunner" name="runScenario" time="64.560"/>
  <system-out/>
</testsuite> <!-- testrunner.TestRunner -->
