<?xml version="1.0" encoding="UTF-8"?>
<!-- Generated by org.testng.reporters.JUnitReportReporter -->
<testsuite hostname="JohnSun" failures="0" tests="3" name="testrunner.loginTestRunner" time="63.980" errors="0" timestamp="2024-04-15T14:49:29 IST" skipped="0">
  <testcase classname="testrunner.loginTestRunner" name="runScenario" time="21.639"/>
  <system-out/>
  <testcase classname="testrunner.loginTestRunner" name="runScenario" time="20.757"/>
  <system-out/>
  <testcase classname="testrunner.loginTestRunner" name="runScenario" time="21.584"/>
  <system-out/>
</testsuite> <!-- testrunner.loginTestRunner -->
