<?xml version="1.0" encoding="UTF-8"?>
<!-- Generated by org.testng.reporters.JUnitReportReporter -->
<testsuite hostname="JohnSun" failures="0" tests="1" name="test.TestRunner" time="60.871" errors="0" timestamp="2024-04-13T18:06:04 IST" skipped="0">
  <testcase classname="test.TestRunner" name="runScenario" time="60.871"/>
  <system-out/>
</testsuite> <!-- test.TestRunner -->
